	.text
	.syntax unified
	.eabi_attribute	67, "2.09"
	.eabi_attribute	6, 10
	.eabi_attribute	7, 65
	.eabi_attribute	8, 1
	.eabi_attribute	9, 2
	.fpu	neon
	.eabi_attribute	34, 1
	.eabi_attribute	17, 1
	.eabi_attribute	20, 1
	.eabi_attribute	21, 0
	.eabi_attribute	23, 3
	.eabi_attribute	24, 1
	.eabi_attribute	25, 1
	.eabi_attribute	38, 1
	.eabi_attribute	14, 0
	.file	"my cool jit"
	.globl	6P
	.p2align	2
	.type	6P,%function
	.code	32
6P:
	.fnstart
	mov	r0, #0
	bx	lr
.Lfunc_end0:
	.size	6P, .Lfunc_end0-6P
	.fnend

	.globl	YZ
	.p2align	2
	.type	YZ,%function
	.code	32
YZ:
	.fnstart
	mov	r0, #0
	bx	lr
.Lfunc_end1:
	.size	YZ, .Lfunc_end1-YZ
	.fnend

	.section	".note.GNU-stack","",%progbits
	.eabi_attribute	30, 1
