	.text
	.syntax unified
	.eabi_attribute	67, "2.09"
	.eabi_attribute	6, 10
	.eabi_attribute	7, 65
	.eabi_attribute	8, 1
	.eabi_attribute	9, 2
	.fpu	neon
	.eabi_attribute	34, 1
	.eabi_attribute	17, 1
	.eabi_attribute	20, 1
	.eabi_attribute	21, 0
	.eabi_attribute	23, 3
	.eabi_attribute	24, 1
	.eabi_attribute	25, 1
	.eabi_attribute	38, 1
	.eabi_attribute	14, 0
	.file	"my cool jit"
	.globl	S7
	.p2align	2
	.type	S7,%function
	.code	32
S7:
	.fnstart
	mov	r0, #0
	bx	lr
.Lfunc_end0:
	.size	S7, .Lfunc_end0-S7
	.fnend

	.globl	ck
	.p2align	2
	.type	ck,%function
	.code	32
ck:
	.fnstart
	mov	r0, #0
	bx	lr
.Lfunc_end1:
	.size	ck, .Lfunc_end1-ck
	.fnend

	.section	".note.GNU-stack","",%progbits
	.eabi_attribute	30, 1
