	.text
	.syntax unified
	.eabi_attribute	67, "2.09"
	.eabi_attribute	6, 10
	.eabi_attribute	7, 65
	.eabi_attribute	8, 1
	.eabi_attribute	9, 2
	.fpu	neon
	.eabi_attribute	34, 1
	.eabi_attribute	17, 1
	.eabi_attribute	20, 1
	.eabi_attribute	21, 0
	.eabi_attribute	23, 3
	.eabi_attribute	24, 1
	.eabi_attribute	25, 1
	.eabi_attribute	38, 1
	.eabi_attribute	14, 0
	.file	"my cool jit"
	.globl	Jv
	.p2align	2
	.type	Jv,%function
	.code	32
Jv:
	.fnstart
	mov	r0, #0
	bx	lr
.Lfunc_end0:
	.size	Jv, .Lfunc_end0-Jv
	.fnend

	.globl	xJ
	.p2align	2
	.type	xJ,%function
	.code	32
xJ:
	.fnstart
	mov	r0, #0
	bx	lr
.Lfunc_end1:
	.size	xJ, .Lfunc_end1-xJ
	.fnend

	.section	".note.GNU-stack","",%progbits
	.eabi_attribute	30, 1
