	.text
	.syntax unified
	.eabi_attribute	67, "2.09"
	.eabi_attribute	6, 10
	.eabi_attribute	7, 65
	.eabi_attribute	8, 1
	.eabi_attribute	9, 2
	.fpu	neon
	.eabi_attribute	34, 1
	.eabi_attribute	17, 1
	.eabi_attribute	20, 1
	.eabi_attribute	21, 0
	.eabi_attribute	23, 3
	.eabi_attribute	24, 1
	.eabi_attribute	25, 1
	.eabi_attribute	38, 1
	.eabi_attribute	14, 0
	.file	"my cool jit"
	.globl	V2
	.p2align	2
	.type	V2,%function
	.code	32
V2:
	.fnstart
	mov	r0, #0
	bx	lr
.Lfunc_end0:
	.size	V2, .Lfunc_end0-V2
	.fnend

	.globl	Bt
	.p2align	2
	.type	Bt,%function
	.code	32
Bt:
	.fnstart
	mov	r0, #0
	bx	lr
.Lfunc_end1:
	.size	Bt, .Lfunc_end1-Bt
	.fnend

	.section	".note.GNU-stack","",%progbits
	.eabi_attribute	30, 1
