	.text
	.syntax unified
	.eabi_attribute	67, "2.09"
	.eabi_attribute	6, 10
	.eabi_attribute	7, 65
	.eabi_attribute	8, 1
	.eabi_attribute	9, 2
	.fpu	neon
	.eabi_attribute	34, 1
	.eabi_attribute	17, 1
	.eabi_attribute	20, 1
	.eabi_attribute	21, 0
	.eabi_attribute	23, 3
	.eabi_attribute	24, 1
	.eabi_attribute	25, 1
	.eabi_attribute	38, 1
	.eabi_attribute	14, 0
	.file	"my cool jit"
	.globl	wq
	.p2align	2
	.type	wq,%function
	.code	32
wq:
	.fnstart
	mov	r0, #0
	bx	lr
.Lfunc_end0:
	.size	wq, .Lfunc_end0-wq
	.fnend

	.globl	cy
	.p2align	2
	.type	cy,%function
	.code	32
cy:
	.fnstart
	mov	r0, #0
	bx	lr
.Lfunc_end1:
	.size	cy, .Lfunc_end1-cy
	.fnend

	.section	".note.GNU-stack","",%progbits
	.eabi_attribute	30, 1
