	.text
	.syntax unified
	.eabi_attribute	67, "2.09"
	.eabi_attribute	6, 10
	.eabi_attribute	7, 65
	.eabi_attribute	8, 1
	.eabi_attribute	9, 2
	.fpu	neon
	.eabi_attribute	34, 1
	.eabi_attribute	17, 1
	.eabi_attribute	20, 1
	.eabi_attribute	21, 0
	.eabi_attribute	23, 3
	.eabi_attribute	24, 1
	.eabi_attribute	25, 1
	.eabi_attribute	38, 1
	.eabi_attribute	14, 0
	.file	"my cool jit"
	.globl	Dp
	.p2align	2
	.type	Dp,%function
	.code	32
Dp:
	.fnstart
	mov	r0, #0
	bx	lr
.Lfunc_end0:
	.size	Dp, .Lfunc_end0-Dp
	.fnend

	.globl	Ed
	.p2align	2
	.type	Ed,%function
	.code	32
Ed:
	.fnstart
	mov	r0, #0
	bx	lr
.Lfunc_end1:
	.size	Ed, .Lfunc_end1-Ed
	.fnend

	.section	".note.GNU-stack","",%progbits
	.eabi_attribute	30, 1
